<?xml version="1.0" encoding="UTF-8"?>
<!-- Generated by org.testng.reporters.JUnitXMLReporter -->
<testsuite ignored="0" hostname="Latitude" failures="0" tests="4" name="Test" time="68.555" errors="0" timestamp="2025-05-08T17:10:06 CDT">
  <testcase classname="testClasses.LoginTest" name="excuteLoginTest" time="3.727"/>
  <testcase classname="testClasses.RegisterPatientTest" name="AddPatient" time="8.711"/>
  <testcase classname="testClasses.AddAppointmentTest" name="Add_Appointment" time="15.964"/>
  <testcase classname="testClasses.AddVitalTest" name="addVitals" time="15.344"/>
</testsuite> <!-- Test -->
