<?xml version="1.0" encoding="UTF-8"?>
<testng-results ignored="0" total="4" passed="4" failed="0" skipped="0">
  <reporter-output>
    <line>
      <![CDATA[Test case Got passed]]>
    </line>
    <line>
      <![CDATA[Test case Got passed]]>
    </line>
    <line>
      <![CDATA[Test case Got passed]]>
    </line>
    <line>
      <![CDATA[Test case Got passed]]>
    </line>
  </reporter-output>
  <suite started-at="2025-05-08T17:08:58 CDT" name="Suite" finished-at="2025-05-08T17:10:06 CDT" duration-ms="68555">
    <groups>
      <group name="@sanity">
        <method signature="LoginTest.excuteLoginTest()[pri:0, instance:testClasses.LoginTest@65c7a252]" name="excuteLoginTest" class="testClasses.LoginTest"/>
        <method signature="RegisterPatientTest.AddPatient(java.lang.String,java.lang.String)[pri:1, instance:testClasses.RegisterPatientTest@78e4deb0]" name="AddPatient" class="testClasses.RegisterPatientTest"/>
        <method signature="AddAppointmentTest.Add_Appointment()[pri:2, instance:testClasses.AddAppointmentTest@7d0b7e3c]" name="Add_Appointment" class="testClasses.AddAppointmentTest"/>
        <method signature="AddVitalTest.addVitals()[pri:3, instance:testClasses.AddVitalTest@15bb5034]" name="addVitals" class="testClasses.AddVitalTest"/>
      </group> <!-- @sanity -->
    </groups>
    <test started-at="2025-05-08T17:08:58 CDT" name="Test" finished-at="2025-05-08T17:10:06 CDT" duration-ms="68555">
      <class name="testClasses.RegisterPatientTest">
        <test-method is-config="true" signature="launchBrowser()[pri:0, instance:testClasses.RegisterPatientTest@78e4deb0]" started-at="2025-05-08T17:09:09 CDT" name="launchBrowser" finished-at="2025-05-08T17:09:12 CDT" duration-ms="2186" status="PASS">
          <reporter-output>
          </reporter-output>
        </test-method> <!-- launchBrowser -->
        <test-method signature="AddPatient(java.lang.String,java.lang.String)[pri:1, instance:testClasses.RegisterPatientTest@78e4deb0]" started-at="2025-05-08T17:09:12 CDT" name="AddPatient" data-provider="myDp1" finished-at="2025-05-08T17:09:20 CDT" duration-ms="8711" status="PASS">
          <params>
            <param index="0">
              <value>
                <![CDATA[parik]]>
              </value>
            </param>
            <param index="1">
              <value>
                <![CDATA[kimo]]>
              </value>
            </param>
          </params>
          <reporter-output>
            <line>
              <![CDATA[Test case Got passed]]>
            </line>
          </reporter-output>
        </test-method> <!-- AddPatient -->
        <test-method is-config="true" signature="closeBrowser()[pri:0, instance:testClasses.RegisterPatientTest@78e4deb0]" started-at="2025-05-08T17:09:20 CDT" name="closeBrowser" finished-at="2025-05-08T17:09:24 CDT" duration-ms="3274" status="PASS">
          <reporter-output>
          </reporter-output>
        </test-method> <!-- closeBrowser -->
      </class> <!-- testClasses.RegisterPatientTest -->
      <class name="testClasses.AddAppointmentTest">
        <test-method is-config="true" signature="launchBrowser()[pri:0, instance:testClasses.AddAppointmentTest@7d0b7e3c]" started-at="2025-05-08T17:09:24 CDT" name="launchBrowser" finished-at="2025-05-08T17:09:26 CDT" duration-ms="2276" status="PASS">
          <reporter-output>
          </reporter-output>
        </test-method> <!-- launchBrowser -->
        <test-method signature="Add_Appointment()[pri:2, instance:testClasses.AddAppointmentTest@7d0b7e3c]" started-at="2025-05-08T17:09:26 CDT" name="Add_Appointment" finished-at="2025-05-08T17:09:42 CDT" duration-ms="15964" status="PASS">
          <reporter-output>
            <line>
              <![CDATA[Test case Got passed]]>
            </line>
          </reporter-output>
        </test-method> <!-- Add_Appointment -->
        <test-method is-config="true" signature="closeBrowser()[pri:0, instance:testClasses.AddAppointmentTest@7d0b7e3c]" started-at="2025-05-08T17:09:42 CDT" name="closeBrowser" finished-at="2025-05-08T17:09:45 CDT" duration-ms="3258" status="PASS">
          <reporter-output>
          </reporter-output>
        </test-method> <!-- closeBrowser -->
      </class> <!-- testClasses.AddAppointmentTest -->
      <class name="testClasses.LoginTest">
        <test-method is-config="true" signature="launchBrowser()[pri:0, instance:testClasses.LoginTest@65c7a252]" started-at="2025-05-08T17:08:58 CDT" name="launchBrowser" finished-at="2025-05-08T17:09:02 CDT" duration-ms="4286" status="PASS">
          <reporter-output>
          </reporter-output>
        </test-method> <!-- launchBrowser -->
        <test-method signature="excuteLoginTest()[pri:0, instance:testClasses.LoginTest@65c7a252]" started-at="2025-05-08T17:09:02 CDT" name="excuteLoginTest" finished-at="2025-05-08T17:09:06 CDT" duration-ms="3727" status="PASS">
          <reporter-output>
            <line>
              <![CDATA[Test case Got passed]]>
            </line>
          </reporter-output>
        </test-method> <!-- excuteLoginTest -->
        <test-method is-config="true" signature="closeBrowser()[pri:0, instance:testClasses.LoginTest@65c7a252]" started-at="2025-05-08T17:09:06 CDT" name="closeBrowser" finished-at="2025-05-08T17:09:09 CDT" duration-ms="3319" status="PASS">
          <reporter-output>
          </reporter-output>
        </test-method> <!-- closeBrowser -->
      </class> <!-- testClasses.LoginTest -->
      <class name="testClasses.AddVitalTest">
        <test-method is-config="true" signature="launchBrowser()[pri:0, instance:testClasses.AddVitalTest@15bb5034]" started-at="2025-05-08T17:09:45 CDT" name="launchBrowser" finished-at="2025-05-08T17:09:47 CDT" duration-ms="2142" status="PASS">
          <reporter-output>
          </reporter-output>
        </test-method> <!-- launchBrowser -->
        <test-method signature="addVitals()[pri:3, instance:testClasses.AddVitalTest@15bb5034]" started-at="2025-05-08T17:09:47 CDT" name="addVitals" finished-at="2025-05-08T17:10:03 CDT" duration-ms="15344" status="PASS">
          <reporter-output>
            <line>
              <![CDATA[Test case Got passed]]>
            </line>
          </reporter-output>
        </test-method> <!-- addVitals -->
        <test-method is-config="true" signature="closeBrowser()[pri:0, instance:testClasses.AddVitalTest@15bb5034]" started-at="2025-05-08T17:10:03 CDT" name="closeBrowser" finished-at="2025-05-08T17:10:06 CDT" duration-ms="3278" status="PASS">
          <reporter-output>
          </reporter-output>
        </test-method> <!-- closeBrowser -->
      </class> <!-- testClasses.AddVitalTest -->
    </test> <!-- Test -->
  </suite> <!-- Suite -->
</testng-results>
